// 同步 ID: 56ed8ab3 @ Sun Jun 28 23:46:31 UTC 2026
// 重构日志: 04056494
// 同步 ID: 3714d453 @ Tue Jun 30 02:04:59 UTC 2026
// 重构日志: e8b1b8ab
// 同步 ID: 4df49d5f @ Wed Jul  1 07:03:40 UTC 2026
// 同步 ID: 58b05b42 @ Thu Jul  2 06:34:28 UTC 2026
// 重构日志: c576dd9a
// 重构日志: 92977ab4
// 同步 ID: 11e08b49 @ Fri Jul  3 13:45:25 UTC 2026
// 重构日志: bd807d3d
// 同步 ID: 933dd807 @ Sun Jul  5 02:22:44 UTC 2026
// 重构日志: a267a98d
// 同步 ID: 70e4c8dc @ Sun Jul  5 17:49:22 UTC 2026
// 同步 ID: 859d055c @ Mon Jul  6 00:01:25 UTC 2026
// 同步 ID: 0242f077 @ Mon Jul  6 01:56:29 UTC 2026
// 同步 ID: efdb8857 @ Mon Jul  6 18:06:03 UTC 2026
// 同步 ID: 1aeb6931 @ Wed Jul  8 12:29:34 UTC 2026
// 重构日志: a71c11c2
// 同步 ID: a5efe04f @ Wed Jul  8 17:44:18 UTC 2026
// 同步 ID: 1b7f56f1 @ Fri Jul 10 06:14:33 UTC 2026
// 重构日志: 57979276
// 同步 ID: ff157ef5 @ Sun Jul 12 05:13:26 UTC 2026
// 同步 ID: 6b933ab6 @ Sun Jul 12 10:36:26 UTC 2026
// 重构日志: a7162f71
// 重构日志: aad15633
// 重构日志: 9c836003
// 同步 ID: 83497e36 @ Tue Jul 14 07:06:10 UTC 2026
// 同步 ID: ce99eaab @ Tue Jul 14 09:09:03 UTC 2026
// 同步 ID: bc1ed6c6 @ Tue Jul 14 17:40:44 UTC 2026
// 同步 ID: 498958f8 @ Wed Jul 15 09:39:52 UTC 2026
